{
  "RSpec": {
    "coverage": {
      "/Users/jd/makers/boris/spec/bike_spec.rb": [
        1,
        null,
        1,
        null,
        2,
        null,
        1,
        1,
        1,
        null,
        null,
        null
      ],
      "/Users/jd/makers/boris/bike.rb": [
        1,
        null,
        1,
        null,
        1,
        31,
        null,
        null,
        1,
        2,
        null,
        null,
        1,
        1,
        null,
        null,
        null
      ],
      "/Users/jd/makers/boris/spec/docking_station_spec.rb": [
        1,
        null,
        1,
        null,
        null,
        1,
        8,
        8,
        null,
        null,
        1,
        1,
        1,
        2,
        null,
        null,
        1,
        1,
        null,
        null,
        1,
        1,
        1,
        1,
        1,
        1,
        1,
        1,
        null,
        null,
        null,
        1,
        null,
        2,
        null,
        1,
        null,
        1,
        null,
        null,
        1,
        1,
        20,
        2,
        null,
        null,
        null,
        null,
        1,
        1,
        null,
        null,
        1,
        1,
        1,
        null,
        null
      ],
      "/Users/jd/makers/boris/docking_station.rb": [
        1,
        null,
        1,
        1,
        null,
        1,
        null,
        null,
        null,
        1,
        10,
        10,
        null,
        null,
        1,
        null,
        3,
        null,
        null,
        1,
        2,
        2,
        2,
        2,
        2,
        null,
        null,
        0,
        null,
        null,
        1,
        null,
        30,
        null,
        null,
        1,
        1,
        30,
        null,
        null
      ]
    },
    "timestamp": 1522071015
  }
}
